\BOOKMARK [0][-]{section*.1}{Acknowledgments}{}% 1
\BOOKMARK [0][-]{section*.2}{Abstract}{}% 2
\BOOKMARK [0][-]{section*.4}{List of Figures}{}% 3
\BOOKMARK [0][-]{section*.6}{List of Tables}{}% 4
\BOOKMARK [0][-]{section*.8}{List of Abbreviations}{}% 5
\BOOKMARK [0][-]{chapter.1}{Introduction}{}% 6
\BOOKMARK [1][-]{section.1.1}{Background}{chapter.1}% 7
\BOOKMARK [2][-]{subsection.1.1.1}{Autonomous Vehicles and Baidu Apollo}{section.1.1}% 8
\BOOKMARK [2][-]{subsection.1.1.2}{Oracle Problem and Metamorphic Testing}{section.1.1}% 9
\BOOKMARK [2][-]{subsection.1.1.3}{Fuzz Testing}{section.1.1}% 10
\BOOKMARK [1][-]{section.1.2}{Motivation}{chapter.1}% 11
\BOOKMARK [1][-]{section.1.3}{Aims and Objectives}{chapter.1}% 12
\BOOKMARK [1][-]{section.1.4}{Dissertation Outline}{chapter.1}% 13
\BOOKMARK [0][-]{chapter.2}{Related Work}{}% 14
\BOOKMARK [1][-]{section.2.1}{Metamorphic Fuzz Testing on Autonomous Vehicles}{chapter.2}% 15
\BOOKMARK [1][-]{section.2.2}{Metamorphic Testing of Driverless Cars}{chapter.2}% 16
\BOOKMARK [1][-]{section.2.3}{Innovative MRs and Improvements}{chapter.2}% 17
\BOOKMARK [0][-]{chapter.3}{Methodology}{}% 18
\BOOKMARK [1][-]{section.3.1}{MR and MT}{chapter.3}% 19
\BOOKMARK [1][-]{section.3.2}{Fuzz Testing}{chapter.3}% 20
\BOOKMARK [1][-]{section.3.3}{MFT: The Combination of MT and Fuzzing}{chapter.3}% 21
\BOOKMARK [1][-]{section.3.4}{Apollo Software Modules}{chapter.3}% 22
\BOOKMARK [1][-]{section.3.5}{Robot Operating System}{chapter.3}% 23
\BOOKMARK [1][-]{section.3.6}{Data Extraction and Analysis}{chapter.3}% 24
\BOOKMARK [0][-]{chapter.4}{Design \046 Implementation}{}% 25
\BOOKMARK [1][-]{section.4.1}{Design of Automatic Testing}{chapter.4}% 26
\BOOKMARK [2][-]{subsection.4.1.1}{Fuzzing}{section.4.1}% 27
\BOOKMARK [2][-]{subsection.4.1.2}{MR Generation and MT Implementation}{section.4.1}% 28
\BOOKMARK [2][-]{subsection.4.1.3}{Test Script Explanation}{section.4.1}% 29
\BOOKMARK [1][-]{section.4.2}{Apollo Installation and Dreamview Simulation Environment}{chapter.4}% 30
\BOOKMARK [2][-]{subsection.4.2.1}{Building Apollo on Ubuntu 18.04}{section.4.2}% 31
\BOOKMARK [2][-]{subsection.4.2.2}{Docker Environment}{section.4.2}% 32
\BOOKMARK [2][-]{subsection.4.2.3}{Problems Encountered}{section.4.2}% 33
\BOOKMARK [0][-]{chapter.5}{Results and Analysis}{}% 34
\BOOKMARK [1][-]{section.5.1}{Testing Results}{chapter.5}% 35
\BOOKMARK [1][-]{section.5.2}{MR/MT Evaluation}{chapter.5}% 36
\BOOKMARK [1][-]{section.5.3}{Fuzz Function Evaluation}{chapter.5}% 37
\BOOKMARK [1][-]{section.5.4}{Summary of MFT on Apollo}{chapter.5}% 38
\BOOKMARK [0][-]{chapter.6}{Summary \046 Reflections}{}% 39
\BOOKMARK [1][-]{section.6.1}{Project management}{chapter.6}% 40
\BOOKMARK [1][-]{section.6.2}{Contributions and reflections}{chapter.6}% 41
\BOOKMARK [0][-]{chapter*.9}{References}{}% 42
